------------------------------
Fichero log - DEUSTOMARKET
------------------------------

[INFO]   Propiedades cargadas con éxito
[INFO]   BD inicializada
[INFO]   Sentencia ejecutada correctamente
[INFO]   Sentencia ejecutada correctamente
[INFO]   Sentencia ejecutada correctamente
[INFO]   Sentencia ejecutada correctamente
[INFO]   Sentencia ejecutada correctamente
[INFO]   Sentencia ejecutada correctamente
[INFO]   Sentencia ejecutada correctamente
[INFO]   Ciudad añadida
[INFO]   Ciudad añadida
[INFO]   Ciudad añadida
[INFO]   Ciudad añadida
[INFO]   Ciudad añadida
[INFO]   Ciudad añadida
[INFO]   Ciudad añadida
[INFO]   Ciudad añadida
[INFO]   Ciudad añadida
[INFO]   Ciudad añadida
[INFO]   Ciudad añadida
[INFO]   empleado añadido
[INFO]   empleado añadido
[INFO]   empleado añadido
[INFO]   empleado añadido
[INFO]   empleado añadido
[INFO]   empleado añadido
[INFO]   Producto añadido
[INFO]   Producto añadido
[INFO]   Producto añadido
[INFO]   Producto añadido
[INFO]   Producto añadido
[INFO]   Producto añadido
[INFO]   Provincia añadida
[INFO]   Provincia añadida
[INFO]   Provincia añadida
[INFO]   Provincia añadida
[INFO]   Provincia añadida
[INFO]   Provincia añadida
[INFO]   Provincia añadida
[INFO]   Supermercado añadido
[INFO]   Supermercado añadido
[INFO]   Supermercado añadido
[INFO]   Supermercado añadido
[INFO]   Supermercado añadido
[INFO]   Supermercado añadido
[INFO]   Supermercado añadido
[INFO]   Trabaja añadido
[INFO]   Trabaja añadido
[INFO]   Trabaja añadido
[INFO]   Trabaja añadido
[INFO]   Trabaja añadido
[INFO]   Vende añadido
[INFO]   Vende añadido
[INFO]   Vende añadido
[INFO]   Vende añadido
[INFO]   Vende añadido
[INFO]   Propiedades cargadas con éxito
[INFO]   Opción 2 de mainMenu seleccionada (>>adminMenu)
[INFO]   Contraseña de administrador correcta (>>adminMenu)
[INFO]   Opción 1 de adminMenu seleccionada (>>updateBDMenu)
[INFO]   Opción 1 de updateBDMenu seleccionada (>>manageSuperMenu)
[INFO]   Opción 1 de manageSuperMenu seleccionada (addSupermarket)
[INFO]   manageSuperMenu<<
[INFO]   Opción 1 de manageSuperMenu seleccionada (addSupermarket)
[INFO]   manageSuperMenu<<
[INFO]   Opción 1 de manageSuperMenu seleccionada (addSupermarket)
[INFO]   manageSuperMenu<<
[INFO]   Opción 1 de manageSuperMenu seleccionada (addSupermarket)
[INFO]   manageSuperMenu<<
[INFO]   Opción 1 de manageSuperMenu seleccionada (addSupermarket)
[INFO]   manageSuperMenu<<
[INFO]   Opción 1 de manageSuperMenu seleccionada (addSupermarket)
[INFO]   manageSuperMenu<<
[INFO]   Opción 1 de manageSuperMenu seleccionada (addSupermarket)
[INFO]   manageSuperMenu<<
[INFO]   Opción 1 de manageSuperMenu seleccionada (addSupermarket)
[INFO]   manageSuperMenu<<
[INFO]   Opción 1 de manageSuperMenu seleccionada (addSupermarket)
[INFO]   manageSuperMenu<<
[INFO]   Opción 1 de manageSuperMenu seleccionada (addSupermarket)
[INFO]   manageSuperMenu<<
[INFO]   Opción 1 de manageSuperMenu seleccionada (addSupermarket)
[INFO]   manageSuperMenu<<
[INFO]   Opción 1 de manageSuperMenu seleccionada (addSupermarket)
[INFO]   manageSuperMenu<<
[INFO]   Opción 1 de manageSuperMenu seleccionada (addSupermarket)
[INFO]   manageSuperMenu<<
[INFO]   Opción 1 de manageSuperMenu seleccionada (addSupermarket)
[INFO]   manageSuperMenu<<
[INFO]   Opción 1 de manageSuperMenu seleccionada (addSupermarket)
[INFO]   manageSuperMenu<<
[INFO]   BD cerrada correctamente

FINAL DEL ARCHIVO